#
# There is insufficient memory for the Java Runtime Environment to continue.
# Native memory allocation (malloc) failed to allocate 1077296 bytes for Chunk::new
# Possible reasons:
#   The system is out of physical RAM or swap space
#   In 32 bit mode, the process size limit was hit
# Possible solutions:
#   Reduce memory load on the system
#   Increase physical memory or swap space
#   Check if swap backing store is full
#   Use 64 bit Java on a 64 bit OS
#   Decrease Java heap size (-Xmx/-Xms)
#   Decrease number of Java threads
#   Decrease Java thread stack sizes (-Xss)
#   Set larger code cache with -XX:ReservedCodeCacheSize=
# This output file may be truncated or incomplete.
#
#  Out of Memory Error (allocation.cpp:390), pid=14148, tid=0x0000000000002018
#
# JRE version: Java(TM) SE Runtime Environment (8.0_101-b13) (build 1.8.0_101-b13)
# Java VM: Java HotSpot(TM) 64-Bit Server VM (25.101-b13 mixed mode windows-amd64 compressed oops)
# Failed to write core dump. Minidumps are not enabled by default on client versions of Windows
#

---------------  T H R E A D  ---------------

Current thread (0x0000000015172800):  JavaThread "C2 CompilerThread0" daemon [_thread_in_native, id=8216, stack(0x00000000167b0000,0x00000000168b0000)]

Stack: [0x00000000167b0000,0x00000000168b0000]
[error occurred during error reporting (printing stack bounds), id 0xc0000005]

Native frames: (J=compiled Java code, j=interpreted, Vv=VM code, C=native code)


Current CompileTask:
C2:4671193 15116       4       org.gradle.logging.internal.StyledTextOutputBackedRenderer::onOutput (239 bytes)


---------------  P R O C E S S  ---------------

Java Threads: ( => current thread )
  0x000000001ae42000 JavaThread "Stdin handler" [_thread_blocked, id=9304, stack(0x000000001a020000,0x000000001a120000)]
  0x000000001ae3d800 JavaThread "Asynchronous log dispatcher for org.gradle.launcher.daemon.server.DefaultDaemonConnection@1146e90a" [_thread_blocked, id=13600, stack(0x0000000019f20000,0x000000001a020000)]
  0x000000001ae3e800 JavaThread "Daemon worker Thread 23" [_thread_in_native, id=8144, stack(0x0000000019d20000,0x0000000019e20000)]
  0x000000001ae3c000 JavaThread "Cancel handler" [_thread_blocked, id=11076, stack(0x0000000019c20000,0x0000000019d20000)]
  0x000000001ae3d000 JavaThread "Handler for socket connection from /127.0.0.1:17616 to /127.0.0.1:24656" [_thread_in_native, id=12264, stack(0x0000000019b20000,0x0000000019c20000)]
  0x000000001ae3b800 JavaThread "Daemon Thread 23" [_thread_blocked, id=11412, stack(0x0000000018560000,0x0000000018660000)]
  0x0000000017293000 JavaThread "File lock request listener" [_thread_in_native, id=14020, stack(0x000000001b6f0000,0x000000001b7f0000)]
  0x0000000018cf6800 JavaThread "Incoming local TCP Connector on port 17616" [_thread_in_native, id=13492, stack(0x0000000019730000,0x0000000019830000)]
  0x00000000151ce800 JavaThread "Service Thread" daemon [_thread_blocked, id=12776, stack(0x0000000016eb0000,0x0000000016fb0000)]
  0x000000001517b800 JavaThread "C1 CompilerThread2" daemon [_thread_blocked, id=14316, stack(0x00000000169b0000,0x0000000016ab0000)]
  0x0000000015175000 JavaThread "C2 CompilerThread1" daemon [_thread_in_native, id=9324, stack(0x00000000168b0000,0x00000000169b0000)]
=>0x0000000015172800 JavaThread "C2 CompilerThread0" daemon [_thread_in_native, id=8216, stack(0x00000000167b0000,0x00000000168b0000)]
  0x000000001516f000 JavaThread "Attach Listener" daemon [_thread_blocked, id=12604, stack(0x00000000166b0000,0x00000000167b0000)]
  0x000000001516e000 JavaThread "Signal Dispatcher" daemon [_thread_blocked, id=7248, stack(0x00000000165b0000,0x00000000166b0000)]
  0x0000000002a9c000 JavaThread "Finalizer" daemon [_thread_blocked, id=11700, stack(0x00000000163d0000,0x00000000164d0000)]
  0x0000000015139000 JavaThread "Reference Handler" daemon [_thread_blocked, id=10808, stack(0x00000000162d0000,0x00000000163d0000)]
  0x00000000029a2800 JavaThread "main" [_thread_blocked, id=3356, stack(0x0000000002860000,0x0000000002960000)]

Other Threads:
  0x0000000015137000 VMThread [stack: 0x00000000161d0000,0x00000000162d0000] [id=7504]
  0x0000000016b0e800 WatcherThread [stack: 0x0000000016fb0000,0x00000000170b0000] [id=9792]

VM state:not at safepoint (normal execution)

VM Mutex/Monitor currently owned by a thread: None

Heap:
 PSYoungGen      total 227328K, used 26854K [0x00000000eab00000, 0x00000000f9a00000, 0x0000000100000000)
  eden space 210944K, 12% used [0x00000000eab00000,0x00000000ec539a08,0x00000000f7900000)
  from space 16384K, 0% used [0x00000000f8a00000,0x00000000f8a00000,0x00000000f9a00000)
  to   space 16896K, 0% used [0x00000000f7900000,0x00000000f7900000,0x00000000f8980000)
 ParOldGen       total 109056K, used 33718K [0x00000000c0000000, 0x00000000c6a80000, 0x00000000eab00000)
  object space 109056K, 30% used [0x00000000c0000000,0x00000000c20ed9c0,0x00000000c6a80000)
 Metaspace       used 52547K, capacity 55324K, committed 57000K, reserved 1097728K
  class space    used 6944K, capacity 7479K, committed 7848K, reserved 1048576K

Card table byte_map: [0x0000000011e60000,0x0000000012070000] byte_map_base: 0x0000000011860000

Marking Bits: (ParMarkBitMap*) 0x0000000068e5a6d0
 Begin Bits: [0x00000000125d0000, 0x00000000135d0000)
 End Bits:   [0x00000000135d0000, 0x00000000145d0000)

Polling page: 0x0000000000f80000

CodeCache: size=245760Kb used=41173Kb max_used=41226Kb free=204586Kb
 bounds [0x0000000002aa0000, 0x0000000005330000, 0x0000000011aa0000]
 total_blobs=12338 nmethods=11633 adapters=616
 compilation: enabled

Compilation events (10 events):
Event: 4670.331 Thread 0x000000001517b800 15130       1       com.google.common.cache.LocalCache$WeakEntry::getNext (5 bytes)
Event: 4670.331 Thread 0x000000001517b800 nmethod 15130 0x0000000003f12110 code [0x0000000003f12260, 0x0000000003f12370]
Event: 4670.376 Thread 0x000000001517b800 15131       3       cordova_etbhel8fxllsyxflr76tzuej0::compareVersions (100 bytes)
Event: 4670.377 Thread 0x000000001517b800 nmethod 15131 0x0000000003f15690 code [0x0000000003f158e0, 0x0000000003f16338]
Event: 4670.396 Thread 0x000000001517b800 15133       3       java.io.Reader::read (9 bytes)
Event: 4670.396 Thread 0x000000001517b800 nmethod 15133 0x0000000003806c50 code [0x0000000003806dc0, 0x0000000003806fe8]
Event: 4670.399 Thread 0x000000001517b800 15134   !   3       sun.reflect.GeneratedMethodAccessor637::invoke (65 bytes)
Event: 4670.400 Thread 0x000000001517b800 nmethod 15134 0x000000000532b310 code [0x000000000532b520, 0x000000000532bf08]
Event: 4670.424 Thread 0x000000001517b800 15135       3       java.lang.Boolean::toString (15 bytes)
Event: 4670.424 Thread 0x000000001517b800 nmethod 15135 0x0000000002e03f10 code [0x0000000002e04080, 0x0000000002e04250]

GC Heap History (10 events):
Event: 4028.817 GC heap before
{Heap before GC invocations=50 (full 18):
 PSYoungGen      total 228864K, used 3399K [0x00000000eab00000, 0x00000000f9d00000, 0x0000000100000000)
  eden space 210944K, 0% used [0x00000000eab00000,0x00000000eab00000,0x00000000f7900000)
  from space 17920K, 18% used [0x00000000f8b80000,0x00000000f8ed1ea0,0x00000000f9d00000)
  to   space 18432K, 0% used [0x00000000f7900000,0x00000000f7900000,0x00000000f8b00000)
 ParOldGen       total 109056K, used 34448K [0x00000000c0000000, 0x00000000c6a80000, 0x00000000eab00000)
  object space 109056K, 31% used [0x00000000c0000000,0x00000000c21a43a0,0x00000000c6a80000)
 Metaspace       used 52324K, capacity 55006K, committed 57000K, reserved 1097728K
  class space    used 6912K, capacity 7426K, committed 7848K, reserved 1048576K
Event: 4029.028 GC heap after
Heap after GC invocations=50 (full 18):
 PSYoungGen      total 228864K, used 0K [0x00000000eab00000, 0x00000000f9d00000, 0x0000000100000000)
  eden space 210944K, 0% used [0x00000000eab00000,0x00000000eab00000,0x00000000f7900000)
  from space 17920K, 0% used [0x00000000f8b80000,0x00000000f8b80000,0x00000000f9d00000)
  to   space 18432K, 0% used [0x00000000f7900000,0x00000000f7900000,0x00000000f8b00000)
 ParOldGen       total 109056K, used 34468K [0x00000000c0000000, 0x00000000c6a80000, 0x00000000eab00000)
  object space 109056K, 31% used [0x00000000c0000000,0x00000000c21a9388,0x00000000c6a80000)
 Metaspace       used 52324K, capacity 55006K, committed 57000K, reserved 1097728K
  class space    used 6912K, capacity 7426K, committed 7848K, reserved 1048576K
}
Event: 4236.604 GC heap before
{Heap before GC invocations=51 (full 18):
 PSYoungGen      total 228864K, used 124643K [0x00000000eab00000, 0x00000000f9d00000, 0x0000000100000000)
  eden space 210944K, 59% used [0x00000000eab00000,0x00000000f24b8d18,0x00000000f7900000)
  from space 17920K, 0% used [0x00000000f8b80000,0x00000000f8b80000,0x00000000f9d00000)
  to   space 18432K, 0% used [0x00000000f7900000,0x00000000f7900000,0x00000000f8b00000)
 ParOldGen       total 109056K, used 34468K [0x00000000c0000000, 0x00000000c6a80000, 0x00000000eab00000)
  object space 109056K, 31% used [0x00000000c0000000,0x00000000c21a9388,0x00000000c6a80000)
 Metaspace       used 52427K, capacity 55252K, committed 57000K, reserved 1097728K
  class space    used 6935K, capacity 7467K, committed 7848K, reserved 1048576K
Event: 4236.610 GC heap after
Heap after GC invocations=51 (full 18):
 PSYoungGen      total 214528K, used 3447K [0x00000000eab00000, 0x00000000f9b00000, 0x0000000100000000)
  eden space 210944K, 0% used [0x00000000eab00000,0x00000000eab00000,0x00000000f7900000)
  from space 3584K, 96% used [0x00000000f7900000,0x00000000f7c5de90,0x00000000f7c80000)
  to   space 17408K, 0% used [0x00000000f8a00000,0x00000000f8a00000,0x00000000f9b00000)
 ParOldGen       total 109056K, used 34468K [0x00000000c0000000, 0x00000000c6a80000, 0x00000000eab00000)
  object space 109056K, 31% used [0x00000000c0000000,0x00000000c21a9388,0x00000000c6a80000)
 Metaspace       used 52427K, capacity 55252K, committed 57000K, reserved 1097728K
  class space    used 6935K, capacity 7467K, committed 7848K, reserved 1048576K
}
Event: 4236.610 GC heap before
{Heap before GC invocations=52 (full 19):
 PSYoungGen      total 214528K, used 3447K [0x00000000eab00000, 0x00000000f9b00000, 0x0000000100000000)
  eden space 210944K, 0% used [0x00000000eab00000,0x00000000eab00000,0x00000000f7900000)
  from space 3584K, 96% used [0x00000000f7900000,0x00000000f7c5de90,0x00000000f7c80000)
  to   space 17408K, 0% used [0x00000000f8a00000,0x00000000f8a00000,0x00000000f9b00000)
 ParOldGen       total 109056K, used 34468K [0x00000000c0000000, 0x00000000c6a80000, 0x00000000eab00000)
  object space 109056K, 31% used [0x00000000c0000000,0x00000000c21a9388,0x00000000c6a80000)
 Metaspace       used 52427K, capacity 55252K, committed 57000K, reserved 1097728K
  class space    used 6935K, capacity 7467K, committed 7848K, reserved 1048576K
Event: 4237.000 GC heap after
Heap after GC invocations=52 (full 19):
 PSYoungGen      total 214528K, used 0K [0x00000000eab00000, 0x00000000f9b00000, 0x0000000100000000)
  eden space 210944K, 0% used [0x00000000eab00000,0x00000000eab00000,0x00000000f7900000)
  from space 3584K, 0% used [0x00000000f7900000,0x00000000f7900000,0x00000000f7c80000)
  to   space 17408K, 0% used [0x00000000f8a00000,0x00000000f8a00000,0x00000000f9b00000)
 ParOldGen       total 109056K, used 33681K [0x00000000c0000000, 0x00000000c6a80000, 0x00000000eab00000)
  object space 109056K, 30% used [0x00000000c0000000,0x00000000c20e4440,0x00000000c6a80000)
 Metaspace       used 52401K, capacity 55210K, committed 57000K, reserved 1097728K
  class space    used 6931K, capacity 7460K, committed 7848K, reserved 1048576K
}
Event: 4465.532 GC heap before
{Heap before GC invocations=53 (full 19):
 PSYoungGen      total 214528K, used 124699K [0x00000000eab00000, 0x00000000f9b00000, 0x0000000100000000)
  eden space 210944K, 59% used [0x00000000eab00000,0x00000000f24c6ce0,0x00000000f7900000)
  from space 3584K, 0% used [0x00000000f7900000,0x00000000f7900000,0x00000000f7c80000)
  to   space 17408K, 0% used [0x00000000f8a00000,0x00000000f8a00000,0x00000000f9b00000)
 ParOldGen       total 109056K, used 33681K [0x00000000c0000000, 0x00000000c6a80000, 0x00000000eab00000)
  object space 109056K, 30% used [0x00000000c0000000,0x00000000c20e4440,0x00000000c6a80000)
 Metaspace       used 52482K, capacity 55210K, committed 57000K, reserved 1097728K
  class space    used 6933K, capacity 7460K, committed 7848K, reserved 1048576K
Event: 4465.538 GC heap after
Heap after GC invocations=53 (full 19):
 PSYoungGen      total 227328K, used 3415K [0x00000000eab00000, 0x00000000f9a00000, 0x0000000100000000)
  eden space 210944K, 0% used [0x00000000eab00000,0x00000000eab00000,0x00000000f7900000)
  from space 16384K, 20% used [0x00000000f8a00000,0x00000000f8d55eb0,0x00000000f9a00000)
  to   space 16896K, 0% used [0x00000000f7900000,0x00000000f7900000,0x00000000f8980000)
 ParOldGen       total 109056K, used 33681K [0x00000000c0000000, 0x00000000c6a80000, 0x00000000eab00000)
  object space 109056K, 30% used [0x00000000c0000000,0x00000000c20e4440,0x00000000c6a80000)
 Metaspace       used 52482K, capacity 55210K, committed 57000K, reserved 1097728K
  class space    used 6933K, capacity 7460K, committed 7848K, reserved 1048576K
}
Event: 4465.538 GC heap before
{Heap before GC invocations=54 (full 20):
 PSYoungGen      total 227328K, used 3415K [0x00000000eab00000, 0x00000000f9a00000, 0x0000000100000000)
  eden space 210944K, 0% used [0x00000000eab00000,0x00000000eab00000,0x00000000f7900000)
  from space 16384K, 20% used [0x00000000f8a00000,0x00000000f8d55eb0,0x00000000f9a00000)
  to   space 16896K, 0% used [0x00000000f7900000,0x00000000f7900000,0x00000000f8980000)
 ParOldGen       total 109056K, used 33681K [0x00000000c0000000, 0x00000000c6a80000, 0x00000000eab00000)
  object space 109056K, 30% used [0x00000000c0000000,0x00000000c20e4440,0x00000000c6a80000)
 Metaspace       used 52482K, capacity 55210K, committed 57000K, reserved 1097728K
  class space    used 6933K, capacity 7460K, committed 7848K, reserved 1048576K
Event: 4465.741 GC heap after
Heap after GC invocations=54 (full 20):
 PSYoungGen      total 227328K, used 0K [0x00000000eab00000, 0x00000000f9a00000, 0x0000000100000000)
  eden space 210944K, 0% used [0x00000000eab00000,0x00000000eab00000,0x00000000f7900000)
  from space 16384K, 0% used [0x00000000f8a00000,0x00000000f8a00000,0x00000000f9a00000)
  to   space 16896K, 0% used [0x00000000f7900000,0x00000000f7900000,0x00000000f8980000)
 ParOldGen       total 109056K, used 33718K [0x00000000c0000000, 0x00000000c6a80000, 0x00000000eab00000)
  object space 109056K, 30% used [0x00000000c0000000,0x00000000c20ed9c0,0x00000000c6a80000)
 Metaspace       used 52482K, capacity 55210K, committed 57000K, reserved 1097728K
  class space    used 6933K, capacity 7460K, committed 7848K, reserved 1048576K
}

Deoptimization events (10 events):
Event: 3182.649 Thread 0x000000001ae3d800 Uncommon trap: reason=unstable_if action=reinterpret pc=0x0000000003f4e788 method=org.codehaus.groovy.runtime.metaclass.MetaMethodIndex.copyNonPrivateNonNewMetaMethods(Lorg/codehaus/groovy/runtime/metaclass/MetaMethodIndex$Entry;Lorg/codehaus/groovy/runtimµyÝ­¬@
Event: 3670.932 Thread 0x000000001ae3d000 Uncommon trap: reason=class_check action=maybe_recompile pc=0x00000000050eb0fc method=sun.reflect.DelegatingConstructorAccessorImpl.newInstance([Ljava/lang/Object;)Ljava/lang/Object; @ 5
Event: 3670.932 Thread 0x000000001ae3d000 Uncommon trap: reason=class_check action=maybe_recompile pc=0x00000000050eb0fc method=sun.reflect.DelegatingConstructorAccessorImpl.newInstance([Ljava/lang/Object;)Ljava/lang/Object; @ 5
Event: 3670.932 Thread 0x000000001ae3d000 Uncommon trap: reason=class_check action=maybe_recompile pc=0x00000000050eb0fc method=sun.reflect.DelegatingConstructorAccessorImpl.newInstance([Ljava/lang/Object;)Ljava/lang/Object; @ 5
Event: 3670.932 Thread 0x000000001ae3d000 Uncommon trap: reason=class_check action=maybe_recompile pc=0x00000000050eb0fc method=sun.reflect.DelegatingConstructorAccessorImpl.newInstance([Ljava/lang/Object;)Ljava/lang/Object; @ 5
Event: 3828.280 Thread 0x000000001ae3d800 Uncommon trap: reason=bimorphic action=maybe_recompile pc=0x00000000051074a0 method=sun.reflect.DelegatingConstructorAccessorImpl.newInstance([Ljava/lang/Object;)Ljava/lang/Object; @ 5
Event: 3828.281 Thread 0x000000001ae3d800 Uncommon trap: reason=bimorphic action=maybe_recompile pc=0x00000000051074a0 method=sun.reflect.DelegatingConstructorAccessorImpl.newInstance([Ljava/lang/Object;)Ljava/lang/Object; @ 5
Event: 3828.289 Thread 0x000000001ae3d800 Uncommon trap: reason=bimorphic action=maybe_recompile pc=0x00000000051074a0 method=sun.reflect.DelegatingConstructorAccessorImpl.newInstance([Ljava/lang/Object;)Ljava/lang/Object; @ 5
Event: 3828.290 Thread 0x000000001ae3d800 Uncommon trap: reason=bimorphic action=maybe_recompile pc=0x00000000051074a0 method=sun.reflect.DelegatingConstructorAccessorImpl.newInstance([Ljava/lang/Object;)Ljava/lang/Object; @ 5
Event: 4028.803 Thread 0x000000001ae3d000 Uncommon trap: reason=class_check action=maybe_recompile pc=0x0000000003c647b0 method=java.util.HashMap.removeNode(ILjava/lang/Object;Ljava/lang/Object;ZZ)Ljava/util/HashMap$Node; @ 143

Internal exceptions (10 events):
Event: 3180.761 Thread 0x000000001ae3d800 Implicit null exception at 0x0000000004a33dbf to 0x0000000004a360bd
Event: 3180.762 Thread 0x000000001ae3d800 Implicit null exception at 0x00000000039e8525 to 0x00000000039e8895
Event: 3180.762 Thread 0x000000001ae3d800 Implicit null exception at 0x00000000034fd889 to 0x0000000003505311
Event: 3180.765 Thread 0x000000001ae3d800 Implicit null exception at 0x000000000320c941 to 0x000000000320d39d
Event: 3180.765 Thread 0x000000001ae3d800 Implicit null exception at 0x0000000002e9b4a3 to 0x0000000002e9bb31
Event: 3181.346 Thread 0x000000001ae3d800 Exception <a 'java/lang/ClassNotFoundException': groovy/runtime/metaclass/[Ljava/lang/String;MetaClass> (0x00000000eeec8fb0) thrown at [C:\re\workspace\8-2-build-windows-amd64-cygwin\jdk8u101\7261\hotspot\src\share\vm\prims\jni.cpp, line 735]
Event: 3182.327 Thread 0x000000001ae3d800 Implicit null exception at 0x00000000048edefb to 0x00000000048eef09
Event: 3182.358 Thread 0x000000001ae3d800 Implicit null exception at 0x00000000047a0c90 to 0x00000000047a2111
Event: 3182.957 Thread 0x000000001ae3d800 Exception <a 'java/lang/SecurityException'> (0x00000000efd17618) thrown at [C:\re\workspace\8-2-build-windows-amd64-cygwin\jdk8u101\7261\hotspot\src\share\vm\prims\jvm.cpp, line 1390]
Event: 3188.970 Thread 0x000000001ae3d800 Exception <a 'java/lang/NoSuchMethodError': <clinit>> (0x00000000f3e02598) thrown at [C:\re\workspace\8-2-build-windows-amd64-cygwin\jdk8u101\7261\hotspot\src\share\vm\prims\jni.cpp, line 1613]

Events (10 events):
Event: 4670.333 Executing VM operation: RevokeBias
Event: 4670.333 Executing VM operation: RevokeBias done
Event: 4670.333 Executing VM operation: BulkRevokeBias
Event: 4670.333 Executing VM operation: BulkRevokeBias done
Event: 4670.397 Thread 0x000000001517b800 flushing nmethod 0x0000000002df01d0
Event: 4670.397 Thread 0x000000001517b800 flushing nmethod 0x0000000002e03f10
Event: 4670.400 Thread 0x000000001517b800 flushing nmethod 0x0000000002ef3b90
Event: 4670.400 Thread 0x000000001517b800 flushing nmethod 0x0000000002f50e50
Event: 4670.424 Thread 0x000000001517b800 flushing nmethod 0x00000000031ac7d0
Event: 4670.424 Thread 0x000000001517b800 flushing nmethod 0x00000000031c6710


Dynamic libraries:
0x00007ff78c790000 - 0x00007ff78c7c7000 	C:\Program Files\Java\jdk1.8.0_101\bin\java.exe
0x00007ff859e80000 - 0x00007ff85a02d000 	C:\Windows\SYSTEM32\ntdll.dll
0x00007ff857f80000 - 0x00007ff8580be000 	C:\Windows\system32\KERNEL32.DLL
0x00007ff8573f0000 - 0x00007ff857505000 	C:\Windows\system32\KERNELBASE.dll
0x00007ff855b30000 - 0x00007ff855bbe000 	C:\Windows\system32\apphelp.dll
0x00007ff838200000 - 0x00007ff838253000 	C:\Windows\AppPatch\AppPatch64\AcGenral.DLL
0x00007ff858120000 - 0x00007ff8581ca000 	C:\Windows\system32\msvcrt.dll
0x00007ff857190000 - 0x00007ff8571be000 	C:\Windows\system32\SspiCli.dll
0x00007ff858630000 - 0x00007ff858684000 	C:\Windows\system32\SHLWAPI.dll
0x00007ff8584b0000 - 0x00007ff858627000 	C:\Windows\system32\USER32.dll
0x00007ff857b10000 - 0x00007ff857ca4000 	C:\Windows\system32\ole32.dll
0x00007ff8586c0000 - 0x00007ff859be9000 	C:\Windows\system32\SHELL32.dll
0x00007ff856580000 - 0x00007ff8565a1000 	C:\Windows\SYSTEM32\USERENV.dll
0x00007ff857ed0000 - 0x00007ff857f7a000 	C:\Windows\system32\ADVAPI32.dll
0x00007ff84dd60000 - 0x00007ff84dd7e000 	C:\Windows\SYSTEM32\MPR.dll
0x00007ff8576d0000 - 0x00007ff857810000 	C:\Windows\system32\RPCRT4.dll
0x00007ff859bf0000 - 0x00007ff859c49000 	C:\Windows\SYSTEM32\sechost.dll
0x00007ff857cb0000 - 0x00007ff857ec1000 	C:\Windows\SYSTEM32\combase.dll
0x00007ff8581e0000 - 0x00007ff85832f000 	C:\Windows\system32\GDI32.dll
0x00007ff856fb0000 - 0x00007ff856fc5000 	C:\Windows\SYSTEM32\profapi.dll
0x00007ff855560000 - 0x00007ff855612000 	C:\Windows\SYSTEM32\SHCORE.dll
0x00007ff858330000 - 0x00007ff858366000 	C:\Windows\system32\IMM32.DLL
0x00007ff859c50000 - 0x00007ff859da2000 	C:\Windows\system32\MSCTF.dll
0x00007ff855080000 - 0x00007ff8552fb000 	C:\Windows\WinSxS\amd64_microsoft.windows.common-controls_6595b64144ccf1df_6.0.9600.18006_none_623f33d3ecbe86e8\COMCTL32.dll
0x00000000695b0000 - 0x0000000069682000 	C:\Program Files\Java\jdk1.8.0_101\jre\bin\msvcr100.dll
0x0000000068640000 - 0x0000000068eda000 	C:\Program Files\Java\jdk1.8.0_101\jre\bin\server\jvm.dll
0x00007ff84e200000 - 0x00007ff84e209000 	C:\Windows\SYSTEM32\WSOCK32.dll
0x00007ff8522a0000 - 0x00007ff8522c2000 	C:\Windows\SYSTEM32\WINMM.dll
0x00007ff856020000 - 0x00007ff85602a000 	C:\Windows\SYSTEM32\VERSION.dll
0x00007ff8586b0000 - 0x00007ff8586b7000 	C:\Windows\system32\PSAPI.DLL
0x00007ff8580c0000 - 0x00007ff85811a000 	C:\Windows\system32\WS2_32.dll
0x00007ff851f70000 - 0x00007ff851f9a000 	C:\Windows\SYSTEM32\WINMMBASE.dll
0x00007ff8581d0000 - 0x00007ff8581d9000 	C:\Windows\system32\NSI.dll
0x00007ff8571c0000 - 0x00007ff85720f000 	C:\Windows\SYSTEM32\cfgmgr32.dll
0x00007ff855d90000 - 0x00007ff855db8000 	C:\Windows\SYSTEM32\DEVOBJ.dll
0x00000000695a0000 - 0x00000000695af000 	C:\Program Files\Java\jdk1.8.0_101\jre\bin\verify.dll
0x0000000069570000 - 0x0000000069599000 	C:\Program Files\Java\jdk1.8.0_101\jre\bin\java.dll
0x0000000069550000 - 0x0000000069566000 	C:\Program Files\Java\jdk1.8.0_101\jre\bin\zip.dll
0x0000000069530000 - 0x000000006954a000 	C:\Program Files\Java\jdk1.8.0_101\jre\bin\net.dll
0x0000000180000000 - 0x000000018006d000 	C:\Windows\system32\LavasoftTcpService64.dll
0x00007ff8567f0000 - 0x00007ff856849000 	C:\Windows\SYSTEM32\MSWSOCK.dll
0x00007ff856030000 - 0x00007ff85605a000 	C:\Windows\SYSTEM32\IPHLPAPI.DLL
0x00007ff8583e0000 - 0x00007ff8584a6000 	C:\Windows\system32\OLEAUT32.dll
0x00007ff856010000 - 0x00007ff85601a000 	C:\Windows\SYSTEM32\WINNSI.DLL
0x00007ff855bc0000 - 0x00007ff855bcb000 	C:\Windows\SYSTEM32\kernel.appcore.dll
0x0000000069510000 - 0x0000000069521000 	C:\Program Files\Java\jdk1.8.0_101\jre\bin\nio.dll
0x00007ff856e20000 - 0x00007ff856e2b000 	C:\Windows\SYSTEM32\CRYPTBASE.dll
0x00007ff856db0000 - 0x00007ff856e13000 	C:\Windows\SYSTEM32\bcryptPrimitives.dll
0x00007ff855c10000 - 0x00007ff855d39000 	C:\Windows\system32\uxtheme.dll
0x00007ff8382f0000 - 0x00007ff838302000 	C:\Users\pc\.gradle\native\19\windows-amd64\native-platform.dll
0x00007ff859dc0000 - 0x00007ff859e76000 	C:\Windows\SYSTEM32\clbcatq.dll
0x00007ff856850000 - 0x00007ff856870000 	C:\Windows\SYSTEM32\CRYPTSP.dll
0x00007ff856470000 - 0x00007ff8564a6000 	C:\Windows\system32\rsaenh.dll
0x00007ff856aa0000 - 0x00007ff856ac6000 	C:\Windows\SYSTEM32\bcrypt.dll
0x00007ff856e90000 - 0x00007ff856f29000 	C:\Windows\SYSTEM32\sxs.dll
0x00007ff8508e0000 - 0x00007ff8508f6000 	C:\Windows\SYSTEM32\dhcpcsvc6.DLL
0x00007ff8508c0000 - 0x00007ff8508da000 	C:\Windows\SYSTEM32\dhcpcsvc.DLL
0x0000000069500000 - 0x000000006950d000 	C:\Program Files\Java\jdk1.8.0_101\jre\bin\management.dll

VM Arguments:
jvm_args: -XX:MaxPermSize=256m -XX:+HeapDumpOnOutOfMemoryError -Xmx1024m -Dfile.encoding=windows-1252 -Duser.country=US -Duser.language=en -Duser.variant 
java_command: org.gradle.launcher.daemon.bootstrap.GradleDaemon 2.13
java_class_path (initial): C:\Users\pc\.gradle\wrapper\dists\gradle-2.13-all\7hsc6vr6mi3i6i5m7q9hj4ci1q\gradle-2.13\lib\gradle-launcher-2.13.jar
Launcher Type: SUN_STANDARD

Environment Variables:
JAVA_HOME=C:\Program Files\Java\jdk1.8.0_101
JRE_HOME=C:\Program Files\Java\jdk1.8.0_101\jre
CLASSPATH=C:\Users\pc\Desktop\LOGIN APP\platforms\android\\gradle\wrapper\gradle-wrapper.jar
PATH=C:\ProgramData\Oracle\Java\javapath;C:\Program Files\Java\jdk1.8.0_101/bin;C:\Windows\system32;C:\Windows;C:\Windows\System32\Wbem;C:\Windows\System32\WindowsPowerShell\v1.0\;C:\Program Files (x86)\Microsoft SQL Server\100\Tools\Binn\;C:\Program Files\Microsoft SQL Server\100\Tools\Binn\;C:\Program Files\Microsoft SQL Server\100\DTS\Binn\;C:\Program Files (x86)\Microsoft SQL Server\90\Tools\binn\;C:\Program Files\Microsoft\Web Platform Installer\;C:\Program Files (x86)\Microsoft ASP.NET\ASP.NET Web Pages\v1.0\;C:\Program Files (x86)\Skype\Phone\;E:\OpenGeo\jetty\jre\bin;E:\OpenGeo\bin;E:\OpenGeo\sdk\bin;E:\OpenGeo\pgsql\bin;C:\Program Files (x86)\Microsoft SQL Server\110\DTS\Binn\;C:\Program Files (x86)\Microsoft SQL Server\110\Tools\Binn\;C:\Program Files (x86)\Microsoft SQL Server\110\Tools\Binn\ManagementStudio\;C:\Program Files (x86)\Microsoft Visual Studio 10.0\Common7\IDE\PrivateAssemblies\;D:\Nodejs\;C:\Users\pc\AppData\Local\atom\bin;C:\Windows\system32\config\systemprofile\.dnx\bin;C:\Program Files\Microsoft DNX\Dnvm\;C:\Program Files\Git\cmd;C:\Program Files\Git\bin;C:\Users\pc\AppData\Local\Programs\Python\Python35-32\Scripts\;C:\Users\pc\AppData\Local\Programs\Python\Python35-32\;C:\Program Files\Java\jdk1.8.0_101/bin;C:\Program Files\Java\jdk1.8.0_101;C:\Program Files\MySQL\MySQL Server 5.1\bin;C:\Users\pc\AppData\Roaming\npm;C:\Users\pc\AppData\Local\atom\bin;C:\Users\pc\AppData\Local\Android\sdk\tools;C:\Users\pc\AppData\Local\Android\sdk\platform-tools
USERNAME=pc
OS=Windows_NT
PROCESSOR_IDENTIFIER=Intel64 Family 6 Model 69 Stepping 1, GenuineIntel



---------------  S Y S T E M  ---------------

OS: Windows 8.1 , 64 bit Build 9600 (6.3.9600.17415)

CPU:total 4 (2 cores per cpu, 2 threads per core) family 6 model 69 stepping 1, cmov, cx8, fxsr, mmx, sse, sse2, sse3, ssse3, sse4.1, sse4.2, popcnt, avx, avx2, aes, clmul, erms, lzcnt, ht, tsc, tscinvbit, bmi1, bmi2

Memory: 4k page, physical 8269060k(1018976k free), swap 11414788k(1124k free)

vm_info: Java HotSpot(TM) 64-Bit Server VM (25.101-b13) for windows-amd64 JRE (1.8.0_101-b13), built on Jun 22 2016 01:21:29 by "java_re" with MS VC++ 10.0 (VS2010)

time: Thu Sep 22 07:09:02 2016
elapsed time: 4670 seconds (0d 1h 17m 50s)

